{
  "RSpec": {
    "coverage": {
      "/Users/gharraph/kata_bank_OCR/lib/digit.rb": [
        1,
        null,
        1,
        1,
        null,
        1,
        1033,
        1033,
        1033,
        null,
        null,
        1,
        101,
        101,
        null,
        null,
        null,
        1,
        102,
        null,
        null,
        1,
        1122,
        null,
        null
      ],
      "/Users/gharraph/kata_bank_OCR/lib/digits_dictionary.rb": [
        1,
        null,
        1,
        1,
        null,
        1,
        null,
        102,
        null,
        null,
        null,
        null,
        102,
        null,
        null,
        null,
        102,
        null,
        null,
        null,
        102,
        null,
        null,
        null,
        102,
        null,
        null,
        null,
        102,
        null,
        null,
        null,
        102,
        null,
        null,
        null,
        102,
        null,
        null,
        null,
        102,
        null,
        null,
        null,
        102,
        null,
        null,
        null,
        null,
        null,
        102,
        null,
        null,
        null,
        1,
        null,
        102,
        null,
        null
      ],
      "/Users/gharraph/kata_bank_OCR/lib/account_number.rb": [
        1,
        null,
        1,
        1,
        null,
        1,
        7,
        7,
        null,
        null,
        null,
        null,
        1,
        4,
        4,
        4,
        40,
        0,
        null,
        40,
        null,
        null,
        4,
        2,
        null,
        2,
        null,
        null,
        null,
        null,
        1,
        2,
        2,
        20,
        null,
        2,
        1,
        null,
        1,
        null,
        0,
        null,
        null,
        null,
        null,
        null,
        null,
        null,
        null
      ],
      "/Users/gharraph/kata_bank_OCR/spec/digit_spec.rb": [
        1,
        null,
        1,
        1,
        2,
        null,
        null,
        null,
        1,
        1,
        1,
        null,
        null,
        1,
        1,
        1,
        null,
        null,
        1,
        1,
        1,
        null,
        null,
        null,
        null
      ],
      "/Users/gharraph/kata_bank_OCR/spec/digits_dictionary_spec.rb": [
        1,
        null,
        1,
        1,
        1,
        1,
        null,
        null,
        1,
        1,
        null,
        null,
        null
      ]
    },
    "timestamp": 1345791793
  }
}
